[   16216ms] [LOG] [HMR] connected @ http://localhost:3000/_next/static/chunks/node_modules_next_dist_115brz8._.js:2431
[   38374ms] [ERROR] Failed to load resource: the server responded with a status of 404 (Not Found) @ http://localhost:3000/studio:0
[   38548ms] [INFO] %cDownload the React DevTools for a better development experience: https://react.dev/link/react-devtools font-weight:bold @ http://localhost:3000/_next/static/chunks/node_modules_next_dist_115brz8._.js:2431
[   38583ms] [LOG] [HMR] connected @ http://localhost:3000/_next/static/chunks/node_modules_next_dist_115brz8._.js:2431
[  172002ms] [ERROR] WebSocket connection to 'ws://localhost:3000/_next/webpack-hmr?id=swi0Juk_jNQxOR2hn2xJK' failed: Error in connection establishment: net::ERR_CONNECTION_REFUSED @ http://localhost:3000/_next/static/chunks/node_modules_next_dist_client_0fhqo1d._.js:13299
[  173005ms] [ERROR] WebSocket connection to 'ws://localhost:3000/_next/webpack-hmr?id=swi0Juk_jNQxOR2hn2xJK' failed: Error in connection establishment: net::ERR_CONNECTION_REFUSED @ http://localhost:3000/_next/static/chunks/node_modules_next_dist_client_0fhqo1d._.js:13299
[  174007ms] [ERROR] WebSocket connection to 'ws://localhost:3000/_next/webpack-hmr?id=swi0Juk_jNQxOR2hn2xJK' failed: Error in connection establishment: net::ERR_CONNECTION_REFUSED @ http://localhost:3000/_next/static/chunks/node_modules_next_dist_client_0fhqo1d._.js:13299
[  175009ms] [ERROR] WebSocket connection to 'ws://localhost:3000/_next/webpack-hmr?id=swi0Juk_jNQxOR2hn2xJK' failed: Error in connection establishment: net::ERR_CONNECTION_REFUSED @ http://localhost:3000/_next/static/chunks/node_modules_next_dist_client_0fhqo1d._.js:13299
[  176012ms] [ERROR] WebSocket connection to 'ws://localhost:3000/_next/webpack-hmr?id=swi0Juk_jNQxOR2hn2xJK' failed: Error in connection establishment: net::ERR_CONNECTION_REFUSED @ http://localhost:3000/_next/static/chunks/node_modules_next_dist_client_0fhqo1d._.js:13299
[  181016ms] [ERROR] WebSocket connection to 'ws://localhost:3000/_next/webpack-hmr?id=swi0Juk_jNQxOR2hn2xJK' failed: Error in connection establishment: net::ERR_CONNECTION_REFUSED @ http://localhost:3000/_next/static/chunks/node_modules_next_dist_client_0fhqo1d._.js:13299
[  186018ms] [ERROR] WebSocket connection to 'ws://localhost:3000/_next/webpack-hmr?id=swi0Juk_jNQxOR2hn2xJK' failed: Error in connection establishment: net::ERR_CONNECTION_REFUSED @ http://localhost:3000/_next/static/chunks/node_modules_next_dist_client_0fhqo1d._.js:13299
[  191021ms] [ERROR] WebSocket connection to 'ws://localhost:3000/_next/webpack-hmr?id=swi0Juk_jNQxOR2hn2xJK' failed: Error in connection establishment: net::ERR_CONNECTION_REFUSED @ http://localhost:3000/_next/static/chunks/node_modules_next_dist_client_0fhqo1d._.js:13299
[  196026ms] [ERROR] WebSocket connection to 'ws://localhost:3000/_next/webpack-hmr?id=swi0Juk_jNQxOR2hn2xJK' failed: Error in connection establishment: net::ERR_CONNECTION_REFUSED @ http://localhost:3000/_next/static/chunks/node_modules_next_dist_client_0fhqo1d._.js:13299
[  201048ms] [ERROR] WebSocket connection to 'ws://localhost:3000/_next/webpack-hmr?id=swi0Juk_jNQxOR2hn2xJK' failed: Error in connection establishment: net::ERR_CONNECTION_REFUSED @ http://localhost:3000/_next/static/chunks/node_modules_next_dist_client_0fhqo1d._.js:13299
[  206080ms] [ERROR] WebSocket connection to 'ws://localhost:3000/_next/webpack-hmr?id=swi0Juk_jNQxOR2hn2xJK' failed: Error in connection establishment: net::ERR_CONNECTION_REFUSED @ http://localhost:3000/_next/static/chunks/node_modules_next_dist_client_0fhqo1d._.js:13299
[  211103ms] [ERROR] WebSocket connection to 'ws://localhost:3000/_next/webpack-hmr?id=swi0Juk_jNQxOR2hn2xJK' failed: Error in connection establishment: net::ERR_CONNECTION_REFUSED @ http://localhost:3000/_next/static/chunks/node_modules_next_dist_client_0fhqo1d._.js:13299
[  249705ms] [ERROR] Failed to load resource: the server responded with a status of 404 (Not Found) @ http://localhost:3000/studio:0
[  249968ms] [INFO] %cDownload the React DevTools for a better development experience: https://react.dev/link/react-devtools font-weight:bold @ http://localhost:3000/_next/static/chunks/node_modules_next_dist_115brz8._.js:2431
[  250091ms] [LOG] [HMR] connected @ http://localhost:3000/_next/static/chunks/node_modules_next_dist_115brz8._.js:2431
[  262148ms] [ERROR] WebSocket connection to 'ws://localhost:3000/_next/webpack-hmr?id=CO9Aeh1QCBTe8CrZptOK3' failed: Error in connection establishment: net::ERR_CONNECTION_REFUSED @ http://localhost:3000/_next/static/chunks/node_modules_next_dist_client_0fhqo1d._.js:13299
[  263149ms] [ERROR] WebSocket connection to 'ws://localhost:3000/_next/webpack-hmr?id=CO9Aeh1QCBTe8CrZptOK3' failed: Error in connection establishment: net::ERR_CONNECTION_REFUSED @ http://localhost:3000/_next/static/chunks/node_modules_next_dist_client_0fhqo1d._.js:13299
[  264152ms] [ERROR] WebSocket connection to 'ws://localhost:3000/_next/webpack-hmr?id=CO9Aeh1QCBTe8CrZptOK3' failed: Error in connection establishment: net::ERR_CONNECTION_REFUSED @ http://localhost:3000/_next/static/chunks/node_modules_next_dist_client_0fhqo1d._.js:13299
[  265154ms] [ERROR] WebSocket connection to 'ws://localhost:3000/_next/webpack-hmr?id=CO9Aeh1QCBTe8CrZptOK3' failed: Error in connection establishment: net::ERR_CONNECTION_REFUSED @ http://localhost:3000/_next/static/chunks/node_modules_next_dist_client_0fhqo1d._.js:13299
[  266156ms] [ERROR] WebSocket connection to 'ws://localhost:3000/_next/webpack-hmr?id=CO9Aeh1QCBTe8CrZptOK3' failed: Error in connection establishment: net::ERR_CONNECTION_REFUSED @ http://localhost:3000/_next/static/chunks/node_modules_next_dist_client_0fhqo1d._.js:13299
[  271158ms] [ERROR] WebSocket connection to 'ws://localhost:3000/_next/webpack-hmr?id=CO9Aeh1QCBTe8CrZptOK3' failed: Error in connection establishment: net::ERR_CONNECTION_REFUSED @ http://localhost:3000/_next/static/chunks/node_modules_next_dist_client_0fhqo1d._.js:13299
[  276161ms] [ERROR] WebSocket connection to 'ws://localhost:3000/_next/webpack-hmr?id=CO9Aeh1QCBTe8CrZptOK3' failed: Error in connection establishment: net::ERR_CONNECTION_REFUSED @ http://localhost:3000/_next/static/chunks/node_modules_next_dist_client_0fhqo1d._.js:13299
[  281163ms] [ERROR] WebSocket connection to 'ws://localhost:3000/_next/webpack-hmr?id=CO9Aeh1QCBTe8CrZptOK3' failed: Error in connection establishment: net::ERR_CONNECTION_REFUSED @ http://localhost:3000/_next/static/chunks/node_modules_next_dist_client_0fhqo1d._.js:13299
[  286193ms] [ERROR] WebSocket connection to 'ws://localhost:3000/_next/webpack-hmr?id=CO9Aeh1QCBTe8CrZptOK3' failed: Error in connection establishment: net::ERR_CONNECTION_REFUSED @ http://localhost:3000/_next/static/chunks/node_modules_next_dist_client_0fhqo1d._.js:13299
[  291196ms] [ERROR] WebSocket connection to 'ws://localhost:3000/_next/webpack-hmr?id=CO9Aeh1QCBTe8CrZptOK3' failed: Error in connection establishment: net::ERR_CONNECTION_REFUSED @ http://localhost:3000/_next/static/chunks/node_modules_next_dist_client_0fhqo1d._.js:13299
[  296202ms] [ERROR] WebSocket connection to 'ws://localhost:3000/_next/webpack-hmr?id=CO9Aeh1QCBTe8CrZptOK3' failed: Error in connection establishment: net::ERR_CONNECTION_REFUSED @ http://localhost:3000/_next/static/chunks/node_modules_next_dist_client_0fhqo1d._.js:13299
[  301214ms] [ERROR] WebSocket connection to 'ws://localhost:3000/_next/webpack-hmr?id=CO9Aeh1QCBTe8CrZptOK3' failed: Error in connection establishment: net::ERR_CONNECTION_REFUSED @ http://localhost:3000/_next/static/chunks/node_modules_next_dist_client_0fhqo1d._.js:13299
[  383400ms] [INFO] %cDownload the React DevTools for a better development experience: https://react.dev/link/react-devtools font-weight:bold @ http://localhost:3000/_next/static/chunks/node_modules_next_dist_115brz8._.js:2431
[  383777ms] [LOG] [HMR] connected @ http://localhost:3000/_next/static/chunks/node_modules_next_dist_115brz8._.js:2431
