[   22439ms] [ERROR] Failed to load resource: the server responded with a status of 500 (Internal Server Error) @ http://localhost:3000/:0
[   22595ms] [ERROR] Refused to execute script from 'http://localhost:3000/_next/static/development/_clientMiddlewareManifest.js' because its MIME type ('application/json') is not executable, and strict MIME type checking is enabled. @ http://localhost:3000/:0
[   22664ms] [INFO] %cDownload the React DevTools for a better development experience: https://react.dev/link/react-devtools font-weight:bold @ http://localhost:3000/_next/static/chunks/node_modules_react-dom_0bruynb._.js:15305
[   22777ms] Error: ./app/layout.tsx
Module not found: Can't resolve 'next/font/google/target.css'
Axes can only be defined for variable fonts when the weight property is nonexistent or set to `variable`.

Debug info:
- Execution of <ModuleAssetContext as AssetContext>::resolve_asset failed
- Execution of resolve failed
- Execution of resolve_internal failed
- Execution of NextFontGoogleReplacer::import_map_result failed
- Execution of *get_font_css_properties failed
- Execution of font_options_from_query_map failed
- Axes can only be defined for variable fonts when the weight property is nonexistent or set to `variable`.
Error while looking up import map: Axes can only be defined for variable fonts when the weight property is nonexistent or set to `variable`.

Debug info:
- Execution of NextFontGoogleReplacer::import_map_result failed
- Execution of *get_font_css_properties failed
- Execution of font_options_from_query_map failed
- Axes can only be defined for variable fonts when the weight property is nonexistent or set to `variable`.


https://nextjs.org/docs/messages/module-not-found


    at <unknown> (https://nextjs.org/docs/messages/module-not-found)
    at Object.getCompilationErrors (file:///mnt/c/Users/nadir/documents/github/mindcherrywebsitenjs/node_modules/next/dist/server/dev/hot-reloader-turbopack.js:1186:59)
    at DevBundlerService.getCompilationError (file:///mnt/c/Users/nadir/documents/github/mindcherrywebsitenjs/node_modules/next/dist/server/lib/dev-bundler-service.js:44:55)
    at DevServer.getCompilationError (file:///mnt/c/Users/nadir/documents/github/mindcherrywebsitenjs/node_modules/next/dist/server/dev/next-dev-server.js:719:42)
    at DevServer.findPageComponents (file:///mnt/c/Users/nadir/documents/github/mindcherrywebsitenjs/node_modules/next/dist/server/dev/next-dev-server.js:689:43)
    at async DevServer.renderErrorToResponseImpl (file:///mnt/c/Users/nadir/documents/github/mindcherrywebsitenjs/node_modules/next/dist/server/base-server.js:1745:26)
[   22781ms] [LOG] [HMR] connected @ http://localhost:3000/_next/static/chunks/node_modules_next_dist_0u_w_5s._.js:1226
[   22929ms] [ERROR] ./app/layout.tsx
Module not found: Can't resolve 'next/font/google/target.css'
Axes can only be defined for variable fonts when the weight property is nonexistent or set to `variable`.

Debug info:
- Execution of <ModuleAssetContext as AssetContext>::resolve_asset failed
- Execution of resolve failed
- Execution of resolve_internal failed
- Execution of NextFontGoogleReplacer::import_map_result failed
- Execution of *get_font_css_properties failed
- Execution of font_options_from_query_map failed
- Axes can only be defined for variable fonts when the weight property is nonexistent or set to `variable`.
Error while looking up import map: Axes can only be defined for variable fonts when the weight property is nonexistent or set to `variable`.

Debug info:
- Execution of NextFontGoogleReplacer::import_map_result failed
- Execution of *get_font_css_properties failed
- Execution of font_options_from_query_map failed
- Axes can only be defined for variable fonts when the weight property is nonexistent or set to `variable`.

https://nextjs.org/docs/messages/module-not-found @ http://localhost:3000/_next/static/chunks/node_modules_next_dist_0u_w_5s._.js:1945
[   22940ms] [LOG] [Fast Refresh] rebuilding @ http://localhost:3000/_next/static/chunks/node_modules_next_dist_0u_w_5s._.js:1226
[   22987ms] [ERROR] ./app/layout.tsx
Module not found: Can't resolve 'next/font/google/target.css'
Axes can only be defined for variable fonts when the weight property is nonexistent or set to `variable`.

Debug info:
- Execution of <ModuleAssetContext as AssetContext>::resolve_asset failed
- Execution of resolve failed
- Execution of resolve_internal failed
- Execution of NextFontGoogleReplacer::import_map_result failed
- Execution of *get_font_css_properties failed
- Execution of font_options_from_query_map failed
- Axes can only be defined for variable fonts when the weight property is nonexistent or set to `variable`.
Error while looking up import map: Axes can only be defined for variable fonts when the weight property is nonexistent or set to `variable`.

Debug info:
- Execution of NextFontGoogleReplacer::import_map_result failed
- Execution of *get_font_css_properties failed
- Execution of font_options_from_query_map failed
- Axes can only be defined for variable fonts when the weight property is nonexistent or set to `variable`.

https://nextjs.org/docs/messages/module-not-found @ http://localhost:3000/_next/static/chunks/node_modules_next_dist_0u_w_5s._.js:1945
[   23041ms] [LOG] [Fast Refresh] rebuilding @ http://localhost:3000/_next/static/chunks/node_modules_next_dist_0u_w_5s._.js:1226
[   23266ms] [ERROR] ./app/layout.tsx
Module not found: Can't resolve 'next/font/google/target.css'
Axes can only be defined for variable fonts when the weight property is nonexistent or set to `variable`.

Debug info:
- Execution of <ModuleAssetContext as AssetContext>::resolve_asset failed
- Execution of resolve failed
- Execution of resolve_internal failed
- Execution of NextFontGoogleReplacer::import_map_result failed
- Execution of *get_font_css_properties failed
- Execution of font_options_from_query_map failed
- Axes can only be defined for variable fonts when the weight property is nonexistent or set to `variable`.
Error while looking up import map: Axes can only be defined for variable fonts when the weight property is nonexistent or set to `variable`.

Debug info:
- Execution of NextFontGoogleReplacer::import_map_result failed
- Execution of *get_font_css_properties failed
- Execution of font_options_from_query_map failed
- Axes can only be defined for variable fonts when the weight property is nonexistent or set to `variable`.

https://nextjs.org/docs/messages/module-not-found @ http://localhost:3000/_next/static/chunks/node_modules_next_dist_0u_w_5s._.js:1945
[   26641ms] [ERROR] ./app/layout.tsx
Module not found: Can't resolve 'next/font/google/target.css'
Axes can only be defined for variable fonts when the weight property is nonexistent or set to `variable`.

Debug info:
- Execution of <ModuleAssetContext as AssetContext>::resolve_asset failed
- Execution of resolve failed
- Execution of resolve_internal failed
- Execution of NextFontGoogleReplacer::import_map_result failed
- Execution of *get_font_css_properties failed
- Execution of font_options_from_query_map failed
- Axes can only be defined for variable fonts when the weight property is nonexistent or set to `variable`.
Error while looking up import map: Axes can only be defined for variable fonts when the weight property is nonexistent or set to `variable`.

Debug info:
- Execution of NextFontGoogleReplacer::import_map_result failed
- Execution of *get_font_css_properties failed
- Execution of font_options_from_query_map failed
- Axes can only be defined for variable fonts when the weight property is nonexistent or set to `variable`.

https://nextjs.org/docs/messages/module-not-found @ http://localhost:3000/_next/static/chunks/node_modules_next_dist_0u_w_5s._.js:1945
[   26703ms] [LOG] [Fast Refresh] rebuilding @ http://localhost:3000/_next/static/chunks/node_modules_next_dist_0u_w_5s._.js:1226
