[   43800ms] [ERROR] Failed to load resource: the server responded with a status of 500 (Internal Server Error) @ http://localhost:3000/about:0
[   44045ms] [INFO] %cDownload the React DevTools for a better development experience: https://react.dev/link/react-devtools font-weight:bold @ http://localhost:3000/_next/static/chunks/node_modules_react-dom_0bruynb._.js:15305
[   44161ms] [ERROR] Refused to execute script from 'http://localhost:3000/_next/static/development/_clientMiddlewareManifest.js' because its MIME type ('application/json') is not executable, and strict MIME type checking is enabled. @ http://localhost:3000/about:0
[   44174ms] Error: ./app/globals.css
Error evaluating Node.js code
Error: Cannot find module '../lightningcss.linux-x64-gnu.node'
Require stack:
- /mnt/c/Users/nadir/documents/github/mindcherrywebsitenjs/node_modules/lightningcss/node/index.js
- /mnt/c/Users/nadir/documents/github/mindcherrywebsitenjs/node_modules/@tailwindcss/node/dist/index.js
- /mnt/c/Users/nadir/documents/github/mindcherrywebsitenjs/node_modules/@tailwindcss/postcss/dist/index.js
- /mnt/c/Users/nadir/documents/github/mindcherrywebsitenjs/.next/dev/build/chunks/[root-of-the-server]__0d-m0h0._.js
- /mnt/c/Users/nadir/documents/github/mindcherrywebsitenjs/.next/dev/build/chunks/[turbopack]_runtime.js
- /mnt/c/Users/nadir/documents/github/mindcherrywebsitenjs/.next/dev/build/postcss.js
    [at Module._resolveFilename (node:internal/modules/cjs/loader:1207:15)]
    [at Module._load (node:internal/modules/cjs/loader:1038:27)]
    [at Module.require (node:internal/modules/cjs/loader:1289:19)]
    [at require (node:internal/modules/helpers:182:18)]
    [at Object.<anonymous> (/mnt/c/Users/nadir/documents/github/mindcherrywebsitenjs/node_modules/lightningcss/node/index.js:20:12)]
    [at Module._compile (node:internal/modules/cjs/loader:1521:14)]
    [at Module._extensions..js (node:internal/modules/cjs/loader:1623:10)]
    [at Module.load (node:internal/modules/cjs/loader:1266:32)]
    [at Module._load (node:internal/modules/cjs/loader:1091:12)]
    [at Module.require (node:internal/modules/cjs/loader:1289:19)]

Import trace:
  Client Component Browser:
    ./app/globals.css [Client Component Browser]
    ./app/layout.tsx [Server Component]


    at Object.getCompilationErrors (file:///mnt/c/Users/nadir/documents/github/mindcherrywebsitenjs/node_modules/next/dist/server/dev/hot-reloader-turbopack.js:1186:59)
    at DevBundlerService.getCompilationError (file:///mnt/c/Users/nadir/documents/github/mindcherrywebsitenjs/node_modules/next/dist/server/lib/dev-bundler-service.js:44:55)
    at DevServer.getCompilationError (file:///mnt/c/Users/nadir/documents/github/mindcherrywebsitenjs/node_modules/next/dist/server/dev/next-dev-server.js:719:42)
    at DevServer.findPageComponents (file:///mnt/c/Users/nadir/documents/github/mindcherrywebsitenjs/node_modules/next/dist/server/dev/next-dev-server.js:689:43)
    at async DevServer.renderErrorToResponseImpl (file:///mnt/c/Users/nadir/documents/github/mindcherrywebsitenjs/node_modules/next/dist/server/base-server.js:1745:26)
[   44177ms] [LOG] [HMR] connected @ http://localhost:3000/_next/static/chunks/node_modules_next_dist_0u_w_5s._.js:1226
[   44332ms] [ERROR] ./app/globals.css
Error evaluating Node.js code
Error: Cannot find module '../lightningcss.linux-x64-gnu.node'
Require stack:
- /mnt/c/Users/nadir/documents/github/mindcherrywebsitenjs/node_modules/lightningcss/node/index.js
- /mnt/c/Users/nadir/documents/github/mindcherrywebsitenjs/node_modules/@tailwindcss/node/dist/index.js
- /mnt/c/Users/nadir/documents/github/mindcherrywebsitenjs/node_modules/@tailwindcss/postcss/dist/index.js
- /mnt/c/Users/nadir/documents/github/mindcherrywebsitenjs/.next/dev/build/chunks/[root-of-the-server]__0d-m0h0._.js
- /mnt/c/Users/nadir/documents/github/mindcherrywebsitenjs/.next/dev/build/chunks/[turbopack]_runtime.js
- /mnt/c/Users/nadir/documents/github/mindcherrywebsitenjs/.next/dev/build/postcss.js
    [at Module._resolveFilename (node:internal/modules/cjs/loader:1207:15)]
    [at Module._load (node:internal/modules/cjs/loader:1038:27)]
    [at Module.require (node:internal/modules/cjs/loader:1289:19)]
    [at require (node:internal/modules/helpers:182:18)]
    [at Object.<anonymous> (/mnt/c/Users/nadir/documents/github/mindcherrywebsitenjs/node_modules/lightningcss/node/index.js:20:12)]
    [at Module._compile (node:internal/modules/cjs/loader:1521:14)]
    [at Module._extensions..js (node:internal/modules/cjs/loader:1623:10)]
    [at Module.load (node:internal/modules/cjs/loader:1266:32)]
    [at Module._load (node:internal/modules/cjs/loader:1091:12)]
    [at Module.require (node:internal/modules/cjs/loader:1289:19)]

Import trace:
  Client Component Browser:
    ./app/globals.css [Client Component Browser]
    ./app/layout.tsx [Server Component] @ http://localhost:3000/_next/static/chunks/node_modules_next_dist_0u_w_5s._.js:1945
[   44357ms] [LOG] [Fast Refresh] rebuilding @ http://localhost:3000/_next/static/chunks/node_modules_next_dist_0u_w_5s._.js:1226
[   44426ms] [ERROR] ./app/globals.css
Error evaluating Node.js code
Error: Cannot find module '../lightningcss.linux-x64-gnu.node'
Require stack:
- /mnt/c/Users/nadir/documents/github/mindcherrywebsitenjs/node_modules/lightningcss/node/index.js
- /mnt/c/Users/nadir/documents/github/mindcherrywebsitenjs/node_modules/@tailwindcss/node/dist/index.js
- /mnt/c/Users/nadir/documents/github/mindcherrywebsitenjs/node_modules/@tailwindcss/postcss/dist/index.js
- /mnt/c/Users/nadir/documents/github/mindcherrywebsitenjs/.next/dev/build/chunks/[root-of-the-server]__0d-m0h0._.js
- /mnt/c/Users/nadir/documents/github/mindcherrywebsitenjs/.next/dev/build/chunks/[turbopack]_runtime.js
- /mnt/c/Users/nadir/documents/github/mindcherrywebsitenjs/.next/dev/build/postcss.js
    [at Module._resolveFilename (node:internal/modules/cjs/loader:1207:15)]
    [at Module._load (node:internal/modules/cjs/loader:1038:27)]
    [at Module.require (node:internal/modules/cjs/loader:1289:19)]
    [at require (node:internal/modules/helpers:182:18)]
    [at Object.<anonymous> (/mnt/c/Users/nadir/documents/github/mindcherrywebsitenjs/node_modules/lightningcss/node/index.js:20:12)]
    [at Module._compile (node:internal/modules/cjs/loader:1521:14)]
    [at Module._extensions..js (node:internal/modules/cjs/loader:1623:10)]
    [at Module.load (node:internal/modules/cjs/loader:1266:32)]
    [at Module._load (node:internal/modules/cjs/loader:1091:12)]
    [at Module.require (node:internal/modules/cjs/loader:1289:19)]

Import trace:
  Client Component Browser:
    ./app/globals.css [Client Component Browser]
    ./app/layout.tsx [Server Component] @ http://localhost:3000/_next/static/chunks/node_modules_next_dist_0u_w_5s._.js:1945
[   44473ms] [LOG] [Fast Refresh] rebuilding @ http://localhost:3000/_next/static/chunks/node_modules_next_dist_0u_w_5s._.js:1226
[   44651ms] [ERROR] ./app/globals.css
Error evaluating Node.js code
Error: Cannot find module '../lightningcss.linux-x64-gnu.node'
Require stack:
- /mnt/c/Users/nadir/documents/github/mindcherrywebsitenjs/node_modules/lightningcss/node/index.js
- /mnt/c/Users/nadir/documents/github/mindcherrywebsitenjs/node_modules/@tailwindcss/node/dist/index.js
- /mnt/c/Users/nadir/documents/github/mindcherrywebsitenjs/node_modules/@tailwindcss/postcss/dist/index.js
- /mnt/c/Users/nadir/documents/github/mindcherrywebsitenjs/.next/dev/build/chunks/[root-of-the-server]__0d-m0h0._.js
- /mnt/c/Users/nadir/documents/github/mindcherrywebsitenjs/.next/dev/build/chunks/[turbopack]_runtime.js
- /mnt/c/Users/nadir/documents/github/mindcherrywebsitenjs/.next/dev/build/postcss.js
    [at Module._resolveFilename (node:internal/modules/cjs/loader:1207:15)]
    [at Module._load (node:internal/modules/cjs/loader:1038:27)]
    [at Module.require (node:internal/modules/cjs/loader:1289:19)]
    [at require (node:internal/modules/helpers:182:18)]
    [at Object.<anonymous> (/mnt/c/Users/nadir/documents/github/mindcherrywebsitenjs/node_modules/lightningcss/node/index.js:20:12)]
    [at Module._compile (node:internal/modules/cjs/loader:1521:14)]
    [at Module._extensions..js (node:internal/modules/cjs/loader:1623:10)]
    [at Module.load (node:internal/modules/cjs/loader:1266:32)]
    [at Module._load (node:internal/modules/cjs/loader:1091:12)]
    [at Module.require (node:internal/modules/cjs/loader:1289:19)]

Import trace:
  Client Component Browser:
    ./app/globals.css [Client Component Browser]
    ./app/layout.tsx [Server Component] @ http://localhost:3000/_next/static/chunks/node_modules_next_dist_0u_w_5s._.js:1945
[   49098ms] [ERROR] ./app/globals.css
Error evaluating Node.js code
Error: Cannot find module '../lightningcss.linux-x64-gnu.node'
Require stack:
- /mnt/c/Users/nadir/documents/github/mindcherrywebsitenjs/node_modules/lightningcss/node/index.js
- /mnt/c/Users/nadir/documents/github/mindcherrywebsitenjs/node_modules/@tailwindcss/node/dist/index.js
- /mnt/c/Users/nadir/documents/github/mindcherrywebsitenjs/node_modules/@tailwindcss/postcss/dist/index.js
- /mnt/c/Users/nadir/documents/github/mindcherrywebsitenjs/.next/dev/build/chunks/[root-of-the-server]__0d-m0h0._.js
- /mnt/c/Users/nadir/documents/github/mindcherrywebsitenjs/.next/dev/build/chunks/[turbopack]_runtime.js
- /mnt/c/Users/nadir/documents/github/mindcherrywebsitenjs/.next/dev/build/postcss.js
    [at Module._resolveFilename (node:internal/modules/cjs/loader:1207:15)]
    [at Module._load (node:internal/modules/cjs/loader:1038:27)]
    [at Module.require (node:internal/modules/cjs/loader:1289:19)]
    [at require (node:internal/modules/helpers:182:18)]
    [at Object.<anonymous> (/mnt/c/Users/nadir/documents/github/mindcherrywebsitenjs/node_modules/lightningcss/node/index.js:20:12)]
    [at Module._compile (node:internal/modules/cjs/loader:1521:14)]
    [at Module._extensions..js (node:internal/modules/cjs/loader:1623:10)]
    [at Module.load (node:internal/modules/cjs/loader:1266:32)]
    [at Module._load (node:internal/modules/cjs/loader:1091:12)]
    [at Module.require (node:internal/modules/cjs/loader:1289:19)]

Import trace:
  Client Component Browser:
    ./app/globals.css [Client Component Browser]
    ./app/layout.tsx [Server Component] @ http://localhost:3000/_next/static/chunks/node_modules_next_dist_0u_w_5s._.js:1945
[   49159ms] [LOG] [Fast Refresh] rebuilding @ http://localhost:3000/_next/static/chunks/node_modules_next_dist_0u_w_5s._.js:1226
[   63554ms] [ERROR] WebSocket connection to 'ws://localhost:3000/_next/webpack-hmr' failed: Error in connection establishment: net::ERR_CONNECTION_REFUSED @ http://localhost:3000/_next/static/chunks/node_modules_next_dist_client_0pe1dg-._.js:2342
[   64556ms] [ERROR] WebSocket connection to 'ws://localhost:3000/_next/webpack-hmr' failed: Error in connection establishment: net::ERR_CONNECTION_REFUSED @ http://localhost:3000/_next/static/chunks/node_modules_next_dist_client_0pe1dg-._.js:2342
[   65558ms] [ERROR] WebSocket connection to 'ws://localhost:3000/_next/webpack-hmr' failed: Error in connection establishment: net::ERR_CONNECTION_REFUSED @ http://localhost:3000/_next/static/chunks/node_modules_next_dist_client_0pe1dg-._.js:2342
[   66560ms] [ERROR] WebSocket connection to 'ws://localhost:3000/_next/webpack-hmr' failed: Error in connection establishment: net::ERR_CONNECTION_REFUSED @ http://localhost:3000/_next/static/chunks/node_modules_next_dist_client_0pe1dg-._.js:2342
[   67562ms] [ERROR] WebSocket connection to 'ws://localhost:3000/_next/webpack-hmr' failed: Error in connection establishment: net::ERR_CONNECTION_REFUSED @ http://localhost:3000/_next/static/chunks/node_modules_next_dist_client_0pe1dg-._.js:2342
[   72564ms] [ERROR] WebSocket connection to 'ws://localhost:3000/_next/webpack-hmr' failed: Error in connection establishment: net::ERR_CONNECTION_REFUSED @ http://localhost:3000/_next/static/chunks/node_modules_next_dist_client_0pe1dg-._.js:2342
[   77567ms] [ERROR] WebSocket connection to 'ws://localhost:3000/_next/webpack-hmr' failed: Error in connection establishment: net::ERR_CONNECTION_REFUSED @ http://localhost:3000/_next/static/chunks/node_modules_next_dist_client_0pe1dg-._.js:2342
[   82569ms] [ERROR] WebSocket connection to 'ws://localhost:3000/_next/webpack-hmr' failed: Error in connection establishment: net::ERR_CONNECTION_REFUSED @ http://localhost:3000/_next/static/chunks/node_modules_next_dist_client_0pe1dg-._.js:2342
[   87571ms] [ERROR] WebSocket connection to 'ws://localhost:3000/_next/webpack-hmr' failed: Error in connection establishment: net::ERR_CONNECTION_REFUSED @ http://localhost:3000/_next/static/chunks/node_modules_next_dist_client_0pe1dg-._.js:2342
