[     135ms] [LOG] [Fast Refresh] rebuilding @ http://localhost:3000/_next/static/chunks/node_modules_next_dist_115brz8._.js:2431
[   30001ms] [LOG] [Fast Refresh] done in 29966ms @ http://localhost:3000/_next/static/chunks/node_modules_next_dist_115brz8._.js:2431
[   57075ms] [INFO] %cDownload the React DevTools for a better development experience: https://react.dev/link/react-devtools font-weight:bold @ http://localhost:3000/_next/static/chunks/node_modules_next_dist_115brz8._.js:2431
[   57135ms] [LOG] [HMR] connected @ http://localhost:3000/_next/static/chunks/node_modules_next_dist_115brz8._.js:2431
[   57554ms] [LOG] [Fast Refresh] rebuilding @ http://localhost:3000/_next/static/chunks/node_modules_next_dist_115brz8._.js:2431
[   58144ms] [LOG] [Fast Refresh] done in 694ms @ http://localhost:3000/_next/static/chunks/node_modules_next_dist_115brz8._.js:2431
[   58373ms] [LOG] [Fast Refresh] rebuilding @ http://localhost:3000/_next/static/chunks/node_modules_next_dist_115brz8._.js:2431
[   58388ms] [LOG] [Fast Refresh] done in 196ms @ http://localhost:3000/_next/static/chunks/node_modules_next_dist_115brz8._.js:2431
[   58496ms] [ERROR] %o

%s Error: Configuration must contain `projectId`
    at initConfig (http://localhost:3000/_next/static/chunks/0zh9_%40sanity_client_dist_09-1.5g._.js:922:53)
    at SanityClient.config (http://localhost:3000/_next/static/chunks/0zh9_%40sanity_client_dist_09-1.5g._.js:3111:91)
    at new SanityClient (http://localhost:3000/_next/static/chunks/0zh9_%40sanity_client_dist_09-1.5g._.js:3084:14)
    at createClient (http://localhost:3000/_next/static/chunks/0zh9_%40sanity_client_dist_09-1.5g._.js:3322:20)
    at _createAuthStore (http://localhost:3000/_next/static/chunks/node_modules_sanity_lib_index_0u1ma7j.js:5998:23)
    at http://localhost:3000/_next/static/chunks/node_modules_sanity_lib_index_0u1ma7j.js:6192:191
    at memoized (http://localhost:3000/_next/static/chunks/node_modules_lodash-es_10zy3xp._.js:3899:27)
    at getAuthStore (http://localhost:3000/_next/static/chunks/node_modules_sanity_lib_index_0u1ma7j.js:97177:12)
    at http://localhost:3000/_next/static/chunks/node_modules_sanity_lib_index_0u1ma7j.js:97130:30
    at Array.map (<anonymous>)
    at http://localhost:3000/_next/static/chunks/node_modules_sanity_lib_index_0u1ma7j.js:97105:21
    at Array.map (<anonymous>)
    at prepareConfig (http://localhost:3000/_next/static/chunks/node_modules_sanity_lib_index_0u1ma7j.js:97090:38)
    at WorkspacesProvider (http://localhost:3000/_next/static/chunks/node_modules_sanity_lib_index_0u1ma7j.js:97657:50)
    at Object.react_stack_bottom_frame (http://localhost:3000/_next/static/chunks/node_modules_next_dist_compiled_react-dom_058-ah~._.js:15037:24)
    at renderWithHooks (http://localhost:3000/_next/static/chunks/node_modules_next_dist_compiled_react-dom_058-ah~._.js:4620:24)
    at updateFunctionComponent (http://localhost:3000/_next/static/chunks/node_modules_next_dist_compiled_react-dom_058-ah~._.js:6081:21)
    at beginWork (http://localhost:3000/_next/static/chunks/node_modules_next_dist_compiled_react-dom_058-ah~._.js:6691:24)
    at runWithFiberInDEV (http://localhost:3000/_next/static/chunks/node_modules_next_dist_compiled_react-dom_058-ah~._.js:965:74)
    at performUnitOfWork (http://localhost:3000/_next/static/chunks/node_modules_next_dist_compiled_react-dom_058-ah~._.js:9555:97)
    at workLoopSync (http://localhost:3000/_next/static/chunks/node_modules_next_dist_compiled_react-dom_058-ah~._.js:9449:40)
    at renderRootSync (http://localhost:3000/_next/static/chunks/node_modules_next_dist_compiled_react-dom_058-ah~._.js:9433:13)
    at performWorkOnRoot (http://localhost:3000/_next/static/chunks/node_modules_next_dist_compiled_react-dom_058-ah~._.js:9098:47)
    at performWorkOnRootViaSchedulerTask (http://localhost:3000/_next/static/chunks/node_modules_next_dist_compiled_react-dom_058-ah~._.js:10255:9)
    at MessagePort.performWorkUntilDeadline (http://localhost:3000/_next/static/chunks/node_modules_next_dist_compiled_0rpq4pf._.js:2647:64) The above error occurred in the <WorkspacesProvider> component. It was handled by the <ErrorBoundary> error boundary. @ http://localhost:3000/_next/static/chunks/node_modules_next_dist_client_0fhqo1d._.js:1998
[   58956ms] [LOG] [Fast Refresh] rebuilding @ http://localhost:3000/_next/static/chunks/node_modules_next_dist_115brz8._.js:2431
[   59499ms] [LOG] [Fast Refresh] done in 644ms @ http://localhost:3000/_next/static/chunks/node_modules_next_dist_115brz8._.js:2431
