[      54ms] [ERROR] ./app/layout.tsx
Module not found: Can't resolve 'next/font/google/target.css'
Axes can only be defined for variable fonts when the weight property is nonexistent or set to `variable`.

Debug info:
- Execution of <ModuleAssetContext as AssetContext>::resolve_asset failed
- Execution of resolve failed
- Execution of resolve_internal failed
- Execution of NextFontGoogleReplacer::import_map_result failed
- Execution of *get_font_css_properties failed
- Execution of font_options_from_query_map failed
- Axes can only be defined for variable fonts when the weight property is nonexistent or set to `variable`.
Error while looking up import map: Axes can only be defined for variable fonts when the weight property is nonexistent or set to `variable`.

Debug info:
- Execution of NextFontGoogleReplacer::import_map_result failed
- Execution of *get_font_css_properties failed
- Execution of font_options_from_query_map failed
- Axes can only be defined for variable fonts when the weight property is nonexistent or set to `variable`.

https://nextjs.org/docs/messages/module-not-found @ http://localhost:3000/_next/static/chunks/node_modules_next_dist_0u_w_5s._.js:1945
[      85ms] [ERROR] ./app/layout.tsx
Module not found: Can't resolve 'next/font/google/target.css'
Axes can only be defined for variable fonts when the weight property is nonexistent or set to `variable`.

Debug info:
- Execution of <ModuleAssetContext as AssetContext>::resolve_asset failed
- Execution of resolve failed
- Execution of resolve_internal failed
- Execution of NextFontGoogleReplacer::import_map_result failed
- Execution of *get_font_css_properties failed
- Execution of font_options_from_query_map failed
- Axes can only be defined for variable fonts when the weight property is nonexistent or set to `variable`.
Error while looking up import map: Axes can only be defined for variable fonts when the weight property is nonexistent or set to `variable`.

Debug info:
- Execution of NextFontGoogleReplacer::import_map_result failed
- Execution of *get_font_css_properties failed
- Execution of font_options_from_query_map failed
- Axes can only be defined for variable fonts when the weight property is nonexistent or set to `variable`.

https://nextjs.org/docs/messages/module-not-found @ http://localhost:3000/_next/static/chunks/node_modules_next_dist_0u_w_5s._.js:1945
[     186ms] [LOG] [Fast Refresh] rebuilding @ http://localhost:3000/_next/static/chunks/node_modules_next_dist_0u_w_5s._.js:1226
[     209ms] [ERROR] ./app/layout.tsx
Module not found: Can't resolve 'next/font/google/target.css'
Axes can only be defined for variable fonts when the weight property is nonexistent or set to `variable`.

Debug info:
- Execution of <ModuleAssetContext as AssetContext>::resolve_asset failed
- Execution of resolve failed
- Execution of resolve_internal failed
- Execution of NextFontGoogleReplacer::import_map_result failed
- Execution of *get_font_css_properties failed
- Execution of font_options_from_query_map failed
- Axes can only be defined for variable fonts when the weight property is nonexistent or set to `variable`.
Error while looking up import map: Axes can only be defined for variable fonts when the weight property is nonexistent or set to `variable`.

Debug info:
- Execution of NextFontGoogleReplacer::import_map_result failed
- Execution of *get_font_css_properties failed
- Execution of font_options_from_query_map failed
- Axes can only be defined for variable fonts when the weight property is nonexistent or set to `variable`.

https://nextjs.org/docs/messages/module-not-found @ http://localhost:3000/_next/static/chunks/node_modules_next_dist_0u_w_5s._.js:1945
[     231ms] [ERROR] Failed to load resource: the server responded with a status of 500 (Internal Server Error) @ http://localhost:3000/:0
[     322ms] [INFO] %cDownload the React DevTools for a better development experience: https://react.dev/link/react-devtools font-weight:bold @ http://localhost:3000/_next/static/chunks/node_modules_react-dom_0bruynb._.js:15305
[     353ms] [ERROR] Refused to execute script from 'http://localhost:3000/_next/static/development/_clientMiddlewareManifest.js' because its MIME type ('application/json') is not executable, and strict MIME type checking is enabled. @ http://localhost:3000/:0
[     379ms] Error: ./app/layout.tsx
Module not found: Can't resolve 'next/font/google/target.css'
Axes can only be defined for variable fonts when the weight property is nonexistent or set to `variable`.

Debug info:
- Execution of <ModuleAssetContext as AssetContext>::resolve_asset failed
- Execution of resolve failed
- Execution of resolve_internal failed
- Execution of NextFontGoogleReplacer::import_map_result failed
- Execution of *get_font_css_properties failed
- Execution of font_options_from_query_map failed
- Axes can only be defined for variable fonts when the weight property is nonexistent or set to `variable`.
Error while looking up import map: Axes can only be defined for variable fonts when the weight property is nonexistent or set to `variable`.

Debug info:
- Execution of NextFontGoogleReplacer::import_map_result failed
- Execution of *get_font_css_properties failed
- Execution of font_options_from_query_map failed
- Axes can only be defined for variable fonts when the weight property is nonexistent or set to `variable`.


https://nextjs.org/docs/messages/module-not-found


    at <unknown> (https://nextjs.org/docs/messages/module-not-found)
    at Object.getCompilationErrors (file:///mnt/c/Users/nadir/documents/github/mindcherrywebsitenjs/node_modules/next/dist/server/dev/hot-reloader-turbopack.js:1186:59)
    at DevBundlerService.getCompilationError (file:///mnt/c/Users/nadir/documents/github/mindcherrywebsitenjs/node_modules/next/dist/server/lib/dev-bundler-service.js:44:55)
    at DevServer.getCompilationError (file:///mnt/c/Users/nadir/documents/github/mindcherrywebsitenjs/node_modules/next/dist/server/dev/next-dev-server.js:719:42)
    at DevServer.findPageComponents (file:///mnt/c/Users/nadir/documents/github/mindcherrywebsitenjs/node_modules/next/dist/server/dev/next-dev-server.js:689:43)
    at async DevServer.renderErrorToResponseImpl (file:///mnt/c/Users/nadir/documents/github/mindcherrywebsitenjs/node_modules/next/dist/server/base-server.js:1745:26)
[     363ms] [LOG] [HMR] connected @ http://localhost:3000/_next/static/chunks/node_modules_next_dist_0u_w_5s._.js:1226
[     368ms] [ERROR] ./app/layout.tsx
Module not found: Can't resolve 'next/font/google/target.css'
Axes can only be defined for variable fonts when the weight property is nonexistent or set to `variable`.

Debug info:
- Execution of <ModuleAssetContext as AssetContext>::resolve_asset failed
- Execution of resolve failed
- Execution of resolve_internal failed
- Execution of NextFontGoogleReplacer::import_map_result failed
- Execution of *get_font_css_properties failed
- Execution of font_options_from_query_map failed
- Axes can only be defined for variable fonts when the weight property is nonexistent or set to `variable`.
Error while looking up import map: Axes can only be defined for variable fonts when the weight property is nonexistent or set to `variable`.

Debug info:
- Execution of NextFontGoogleReplacer::import_map_result failed
- Execution of *get_font_css_properties failed
- Execution of font_options_from_query_map failed
- Axes can only be defined for variable fonts when the weight property is nonexistent or set to `variable`.

https://nextjs.org/docs/messages/module-not-found @ http://localhost:3000/_next/static/chunks/node_modules_next_dist_0u_w_5s._.js:1945
[     454ms] [ERROR] ./app/layout.tsx
Module not found: Can't resolve 'next/font/google/target.css'
Axes can only be defined for variable fonts when the weight property is nonexistent or set to `variable`.

Debug info:
- Execution of <ModuleAssetContext as AssetContext>::resolve_asset failed
- Execution of resolve failed
- Execution of resolve_internal failed
- Execution of NextFontGoogleReplacer::import_map_result failed
- Execution of *get_font_css_properties failed
- Execution of font_options_from_query_map failed
- Axes can only be defined for variable fonts when the weight property is nonexistent or set to `variable`.
Error while looking up import map: Axes can only be defined for variable fonts when the weight property is nonexistent or set to `variable`.

Debug info:
- Execution of NextFontGoogleReplacer::import_map_result failed
- Execution of *get_font_css_properties failed
- Execution of font_options_from_query_map failed
- Axes can only be defined for variable fonts when the weight property is nonexistent or set to `variable`.

https://nextjs.org/docs/messages/module-not-found @ http://localhost:3000/_next/static/chunks/node_modules_next_dist_0u_w_5s._.js:1945
[     487ms] [LOG] [Fast Refresh] rebuilding @ http://localhost:3000/_next/static/chunks/node_modules_next_dist_0u_w_5s._.js:1226
[   21716ms] [ERROR] WebSocket connection to 'ws://localhost:3000/_next/webpack-hmr' failed: Error in connection establishment: net::ERR_CONNECTION_REFUSED @ http://localhost:3000/_next/static/chunks/node_modules_next_dist_client_0pe1dg-._.js:2342
[   22718ms] [ERROR] WebSocket connection to 'ws://localhost:3000/_next/webpack-hmr' failed: Error in connection establishment: net::ERR_CONNECTION_REFUSED @ http://localhost:3000/_next/static/chunks/node_modules_next_dist_client_0pe1dg-._.js:2342
[   23720ms] [ERROR] WebSocket connection to 'ws://localhost:3000/_next/webpack-hmr' failed: Error in connection establishment: net::ERR_CONNECTION_REFUSED @ http://localhost:3000/_next/static/chunks/node_modules_next_dist_client_0pe1dg-._.js:2342
[   24724ms] [ERROR] WebSocket connection to 'ws://localhost:3000/_next/webpack-hmr' failed: Error in connection establishment: net::ERR_CONNECTION_REFUSED @ http://localhost:3000/_next/static/chunks/node_modules_next_dist_client_0pe1dg-._.js:2342
[   25730ms] [ERROR] WebSocket connection to 'ws://localhost:3000/_next/webpack-hmr' failed: Error in connection establishment: net::ERR_CONNECTION_REFUSED @ http://localhost:3000/_next/static/chunks/node_modules_next_dist_client_0pe1dg-._.js:2342
[   30733ms] [ERROR] WebSocket connection to 'ws://localhost:3000/_next/webpack-hmr' failed: Error in connection establishment: net::ERR_CONNECTION_REFUSED @ http://localhost:3000/_next/static/chunks/node_modules_next_dist_client_0pe1dg-._.js:2342
[   35736ms] [ERROR] WebSocket connection to 'ws://localhost:3000/_next/webpack-hmr' failed: Error in connection establishment: net::ERR_CONNECTION_REFUSED @ http://localhost:3000/_next/static/chunks/node_modules_next_dist_client_0pe1dg-._.js:2342
